<?xml version="1.0" encoding="UTF-8"?>
<testsuites>
  <testsuite name="/home/runner/work/housekeeping/housekeeping/phpunit.xml.dist" tests="78" assertions="573" errors="0" failures="0" skipped="0" time="3.896425">
    <testsuite name="housekeeping" tests="78" assertions="573" errors="0" failures="0" skipped="0" time="3.896425">
      <testsuite name="HousekeepingAgentCron\Tests\ApplicationFactoryTest" file="/home/runner/work/housekeeping/housekeeping/tests/ApplicationFactoryTest.php" tests="8" assertions="18" errors="0" failures="0" skipped="0" time="0.440265">
        <testcase name="testFactoryBuildsConfiguredTasks" file="/home/runner/work/housekeeping/housekeeping/tests/ApplicationFactoryTest.php" line="12" class="HousekeepingAgentCron\Tests\ApplicationFactoryTest" classname="HousekeepingAgentCron.Tests.ApplicationFactoryTest" assertions="1" time="0.189282"/>
        <testcase name="testFactoryAlwaysIncludesNullProvider" file="/home/runner/work/housekeeping/housekeeping/tests/ApplicationFactoryTest.php" line="25" class="HousekeepingAgentCron\Tests\ApplicationFactoryTest" classname="HousekeepingAgentCron.Tests.ApplicationFactoryTest" assertions="4" time="0.007711"/>
        <testcase name="testFactoryIncludesEveryExplicitlyEnabledExternalProvider" file="/home/runner/work/housekeeping/housekeeping/tests/ApplicationFactoryTest.php" line="38" class="HousekeepingAgentCron\Tests\ApplicationFactoryTest" classname="HousekeepingAgentCron.Tests.ApplicationFactoryTest" assertions="4" time="0.041837"/>
        <testcase name="testFactoryDoesNotEnableExternalProviderWithoutEnabledFlag" file="/home/runner/work/housekeeping/housekeeping/tests/ApplicationFactoryTest.php" line="70" class="HousekeepingAgentCron\Tests\ApplicationFactoryTest" classname="HousekeepingAgentCron.Tests.ApplicationFactoryTest" assertions="1" time="0.001681"/>
        <testcase name="testFactoryUsesRepositoryRootForProviderWorkingDirectoryByDefault" file="/home/runner/work/housekeeping/housekeeping/tests/ApplicationFactoryTest.php" line="85" class="HousekeepingAgentCron\Tests\ApplicationFactoryTest" classname="HousekeepingAgentCron.Tests.ApplicationFactoryTest" assertions="2" time="0.057208"/>
        <testcase name="testFactoryFiltersNonStringProviderArguments" file="/home/runner/work/housekeeping/housekeeping/tests/ApplicationFactoryTest.php" line="114" class="HousekeepingAgentCron\Tests\ApplicationFactoryTest" classname="HousekeepingAgentCron.Tests.ApplicationFactoryTest" assertions="2" time="0.045516"/>
        <testcase name="testFactoryUsesPackageRootForProviderWorkingDirectoryWhenRepositoryRootIsNotConfigured" file="/home/runner/work/housekeeping/housekeeping/tests/ApplicationFactoryTest.php" line="135" class="HousekeepingAgentCron\Tests\ApplicationFactoryTest" classname="HousekeepingAgentCron.Tests.ApplicationFactoryTest" assertions="2" time="0.048943"/>
        <testcase name="testFactoryAppendsYoloToProviderCommandsByDefault" file="/home/runner/work/housekeeping/housekeeping/tests/ApplicationFactoryTest.php" line="154" class="HousekeepingAgentCron\Tests\ApplicationFactoryTest" classname="HousekeepingAgentCron.Tests.ApplicationFactoryTest" assertions="2" time="0.048088"/>
      </testsuite>
      <testsuite name="HousekeepingAgentCron\Tests\BlindSpotAnalysisTaskTest" file="/home/runner/work/housekeeping/housekeeping/tests/BlindSpotAnalysisTaskTest.php" tests="3" assertions="52" errors="0" failures="0" skipped="0" time="0.014329">
        <testcase name="testBlindSpotAnalysisForwardsLatestRunAndStoresMetadata" file="/home/runner/work/housekeeping/housekeeping/tests/BlindSpotAnalysisTaskTest.php" line="20" class="HousekeepingAgentCron\Tests\BlindSpotAnalysisTaskTest" classname="HousekeepingAgentCron.Tests.BlindSpotAnalysisTaskTest" assertions="46" time="0.009160"/>
        <testcase name="testBlindSpotAnalysisSkipsWhenLatestRunWasAlreadyAnalyzed" file="/home/runner/work/housekeeping/housekeeping/tests/BlindSpotAnalysisTaskTest.php" line="149" class="HousekeepingAgentCron\Tests\BlindSpotAnalysisTaskTest" classname="HousekeepingAgentCron.Tests.BlindSpotAnalysisTaskTest" assertions="3" time="0.002467"/>
        <testcase name="testBlindSpotAnalysisDoesNotPersistMetadataWhenProviderFails" file="/home/runner/work/housekeeping/housekeeping/tests/BlindSpotAnalysisTaskTest.php" line="201" class="HousekeepingAgentCron\Tests\BlindSpotAnalysisTaskTest" classname="HousekeepingAgentCron.Tests.BlindSpotAnalysisTaskTest" assertions="3" time="0.002702"/>
      </testsuite>
      <testsuite name="HousekeepingAgentCron\Tests\CliProviderTest" file="/home/runner/work/housekeeping/housekeeping/tests/CliProviderTest.php" tests="4" assertions="18" errors="0" failures="0" skipped="0" time="0.187340">
        <testcase name="testCliProvidersAlwaysAppendYoloAndFormattedPrompt" file="/home/runner/work/housekeeping/housekeeping/tests/CliProviderTest.php" line="16" class="HousekeepingAgentCron\Tests\CliProviderTest" classname="HousekeepingAgentCron.Tests.CliProviderTest" assertions="9" time="0.048480"/>
        <testcase name="testCliProvidersAllowConfigurableArgumentsAndOptionalYolo" file="/home/runner/work/housekeeping/housekeeping/tests/CliProviderTest.php" line="45" class="HousekeepingAgentCron\Tests\CliProviderTest" classname="HousekeepingAgentCron.Tests.CliProviderTest" assertions="5" time="0.046815"/>
        <testcase name="testGeminiProviderAppendsYoloByDefault" file="/home/runner/work/housekeeping/housekeeping/tests/CliProviderTest.php" line="68" class="HousekeepingAgentCron\Tests\CliProviderTest" classname="HousekeepingAgentCron.Tests.CliProviderTest" assertions="2" time="0.046058"/>
        <testcase name="testCopilotProviderAppendsYoloByDefault" file="/home/runner/work/housekeeping/housekeeping/tests/CliProviderTest.php" line="84" class="HousekeepingAgentCron\Tests\CliProviderTest" classname="HousekeepingAgentCron.Tests.CliProviderTest" assertions="2" time="0.045987"/>
      </testsuite>
      <testsuite name="HousekeepingAgentCron\Tests\CommitLearningTaskTest" file="/home/runner/work/housekeeping/housekeeping/tests/CommitLearningTaskTest.php" tests="2" assertions="32" errors="0" failures="0" skipped="0" time="0.061339">
        <testcase name="testCommitLearningForwardsRecentGitHistoryAndStoresMetadata" file="/home/runner/work/housekeeping/housekeeping/tests/CommitLearningTaskTest.php" line="22" class="HousekeepingAgentCron\Tests\CommitLearningTaskTest" classname="HousekeepingAgentCron.Tests.CommitLearningTaskTest" assertions="29" time="0.031104"/>
        <testcase name="testCommitLearningSkipsWhenHeadWasAlreadyLearned" file="/home/runner/work/housekeeping/housekeeping/tests/CommitLearningTaskTest.php" line="98" class="HousekeepingAgentCron\Tests\CommitLearningTaskTest" classname="HousekeepingAgentCron.Tests.CommitLearningTaskTest" assertions="3" time="0.030235"/>
      </testsuite>
      <testsuite name="HousekeepingAgentCron\Tests\ConfigFileResolverTest" file="/home/runner/work/housekeeping/housekeeping/tests/ConfigFileResolverTest.php" tests="5" assertions="10" errors="0" failures="0" skipped="0" time="0.015387">
        <testcase name="testResolverUsesDefaultConfigWhenNoOverrideIsPresent" file="/home/runner/work/housekeeping/housekeeping/tests/ConfigFileResolverTest.php" line="13" class="HousekeepingAgentCron\Tests\ConfigFileResolverTest" classname="HousekeepingAgentCron.Tests.ConfigFileResolverTest" assertions="2" time="0.008264"/>
        <testcase name="testResolverUsesEnvironmentConfigWhenPresent" file="/home/runner/work/housekeeping/housekeeping/tests/ConfigFileResolverTest.php" line="24" class="HousekeepingAgentCron\Tests\ConfigFileResolverTest" classname="HousekeepingAgentCron.Tests.ConfigFileResolverTest" assertions="2" time="0.001824"/>
        <testcase name="testResolverLetsCliConfigOverrideEnvironment" file="/home/runner/work/housekeeping/housekeeping/tests/ConfigFileResolverTest.php" line="36" class="HousekeepingAgentCron\Tests\ConfigFileResolverTest" classname="HousekeepingAgentCron.Tests.ConfigFileResolverTest" assertions="2" time="0.001674"/>
        <testcase name="testResolverSupportsSeparateConfigArgument" file="/home/runner/work/housekeeping/housekeeping/tests/ConfigFileResolverTest.php" line="48" class="HousekeepingAgentCron\Tests\ConfigFileResolverTest" classname="HousekeepingAgentCron.Tests.ConfigFileResolverTest" assertions="2" time="0.001609"/>
        <testcase name="testResolverRejectsMissingConfigValue" file="/home/runner/work/housekeeping/housekeeping/tests/ConfigFileResolverTest.php" line="59" class="HousekeepingAgentCron\Tests\ConfigFileResolverTest" classname="HousekeepingAgentCron.Tests.ConfigFileResolverTest" assertions="2" time="0.002016"/>
      </testsuite>
      <testsuite name="HousekeepingAgentCron\Tests\DocumentationRefreshTaskTest" file="/home/runner/work/housekeeping/housekeeping/tests/DocumentationRefreshTaskTest.php" tests="1" assertions="8" errors="0" failures="0" skipped="0" time="0.002680">
        <testcase name="testDocumentationInputsAreForwardedToProvider" file="/home/runner/work/housekeeping/housekeeping/tests/DocumentationRefreshTaskTest.php" line="18" class="HousekeepingAgentCron\Tests\DocumentationRefreshTaskTest" classname="HousekeepingAgentCron.Tests.DocumentationRefreshTaskTest" assertions="8" time="0.002680"/>
      </testsuite>
      <testsuite name="HousekeepingAgentCron\Tests\HousekeepingListCommandTest" file="/home/runner/work/housekeeping/housekeeping/tests/HousekeepingListCommandTest.php" tests="1" assertions="10" errors="0" failures="0" skipped="0" time="0.023929">
        <testcase name="testListDisplaysConfiguredTasks" file="/home/runner/work/housekeeping/housekeeping/tests/HousekeepingListCommandTest.php" line="14" class="HousekeepingAgentCron\Tests\HousekeepingListCommandTest" classname="HousekeepingAgentCron.Tests.HousekeepingListCommandTest" assertions="10" time="0.023929"/>
      </testsuite>
      <testsuite name="HousekeepingAgentCron\Tests\HousekeepingProvidersCommandTest" file="/home/runner/work/housekeeping/housekeeping/tests/HousekeepingProvidersCommandTest.php" tests="2" assertions="30" errors="0" failures="0" skipped="0" time="0.304281">
        <testcase name="testProvidersCommandPrintsRecommendedProviderAndJson" file="/home/runner/work/housekeeping/housekeeping/tests/HousekeepingProvidersCommandTest.php" line="52" class="HousekeepingAgentCron\Tests\HousekeepingProvidersCommandTest" classname="HousekeepingAgentCron.Tests.HousekeepingProvidersCommandTest" assertions="23" time="0.302032"/>
        <testcase name="testFormattingHelpersHandleNullAndNonNullValues" file="/home/runner/work/housekeeping/housekeeping/tests/HousekeepingProvidersCommandTest.php" line="133" class="HousekeepingAgentCron\Tests\HousekeepingProvidersCommandTest" classname="HousekeepingAgentCron.Tests.HousekeepingProvidersCommandTest" assertions="7" time="0.002249"/>
      </testsuite>
      <testsuite name="HousekeepingAgentCron\Tests\HousekeepingRunCommandTest" file="/home/runner/work/housekeeping/housekeeping/tests/HousekeepingRunCommandTest.php" tests="2" assertions="4" errors="0" failures="0" skipped="0" time="0.023604">
        <testcase name="testLockPreventsConcurrentRuns" file="/home/runner/work/housekeeping/housekeeping/tests/HousekeepingRunCommandTest.php" line="17" class="HousekeepingAgentCron\Tests\HousekeepingRunCommandTest" classname="HousekeepingAgentCron.Tests.HousekeepingRunCommandTest" assertions="2" time="0.020055"/>
        <testcase name="testUnknownTaskOptionReturnsInvalidConfig" file="/home/runner/work/housekeeping/housekeeping/tests/HousekeepingRunCommandTest.php" line="60" class="HousekeepingAgentCron\Tests\HousekeepingRunCommandTest" classname="HousekeepingAgentCron.Tests.HousekeepingRunCommandTest" assertions="2" time="0.003549"/>
      </testsuite>
      <testsuite name="HousekeepingAgentCron\Tests\HousekeepingStateCommandTest" file="/home/runner/work/housekeeping/housekeeping/tests/HousekeepingStateCommandTest.php" tests="1" assertions="4" errors="0" failures="0" skipped="0" time="0.008837">
        <testcase name="testStateCommandPrintsPersistedJson" file="/home/runner/work/housekeeping/housekeeping/tests/HousekeepingStateCommandTest.php" line="15" class="HousekeepingAgentCron\Tests\HousekeepingStateCommandTest" classname="HousekeepingAgentCron.Tests.HousekeepingStateCommandTest" assertions="4" time="0.008837"/>
      </testsuite>
      <testsuite name="HousekeepingAgentCron\Tests\JsonLoggerTest" file="/home/runner/work/housekeeping/housekeeping/tests/JsonLoggerTest.php" tests="1" assertions="3" errors="0" failures="0" skipped="0" time="0.005268">
        <testcase name="testConstructorThrowsWhenLogDirectoryCannotBeCreated" file="/home/runner/work/housekeeping/housekeeping/tests/JsonLoggerTest.php" line="14" class="HousekeepingAgentCron\Tests\JsonLoggerTest" classname="HousekeepingAgentCron.Tests.JsonLoggerTest" assertions="3" time="0.005268"/>
      </testsuite>
      <testsuite name="HousekeepingAgentCron\Tests\JsonStateStoreTest" file="/home/runner/work/housekeeping/housekeeping/tests/JsonStateStoreTest.php" tests="2" assertions="14" errors="0" failures="0" skipped="0" time="0.004103">
        <testcase name="testConstructorThrowsWhenStateDirectoryCannotBeCreated" file="/home/runner/work/housekeeping/housekeeping/tests/JsonStateStoreTest.php" line="14" class="HousekeepingAgentCron\Tests\JsonStateStoreTest" classname="HousekeepingAgentCron.Tests.JsonStateStoreTest" assertions="3" time="0.002061"/>
        <testcase name="testLoadReturnsCompleteStateDocument" file="/home/runner/work/housekeeping/housekeeping/tests/JsonStateStoreTest.php" line="32" class="HousekeepingAgentCron\Tests\JsonStateStoreTest" classname="HousekeepingAgentCron.Tests.JsonStateStoreTest" assertions="11" time="0.002041"/>
      </testsuite>
      <testsuite name="HousekeepingAgentCron\Tests\NullProviderTest" file="/home/runner/work/housekeeping/housekeeping/tests/NullProviderTest.php" tests="1" assertions="3" errors="0" failures="0" skipped="0" time="0.001641">
        <testcase name="testExecuteReturnsTaskNameAndPromptLengthInContext" file="/home/runner/work/housekeeping/housekeeping/tests/NullProviderTest.php" line="13" class="HousekeepingAgentCron\Tests\NullProviderTest" classname="HousekeepingAgentCron.Tests.NullProviderTest" assertions="3" time="0.001641"/>
      </testsuite>
      <testsuite name="HousekeepingAgentCron\Tests\PhpstanFixSuggestionTaskTest" file="/home/runner/work/housekeeping/housekeeping/tests/PhpstanFixSuggestionTaskTest.php" tests="1" assertions="8" errors="0" failures="0" skipped="0" time="0.046629">
        <testcase name="testConfiguredPhpstanCommandRunsWithoutVendorBinaryPrecheck" file="/home/runner/work/housekeeping/housekeeping/tests/PhpstanFixSuggestionTaskTest.php" line="19" class="HousekeepingAgentCron\Tests\PhpstanFixSuggestionTaskTest" classname="HousekeepingAgentCron.Tests.PhpstanFixSuggestionTaskTest" assertions="8" time="0.046629"/>
      </testsuite>
      <testsuite name="HousekeepingAgentCron\Tests\ProcessExecutorTest" file="/home/runner/work/housekeeping/housekeeping/tests/ProcessExecutorTest.php" tests="1" assertions="5" errors="0" failures="0" skipped="0" time="0.002304">
        <testcase name="testExecuteReturnsStructuredFailureWhenProcessCannotStart" file="/home/runner/work/housekeeping/housekeeping/tests/ProcessExecutorTest.php" line="12" class="HousekeepingAgentCron\Tests\ProcessExecutorTest" classname="HousekeepingAgentCron.Tests.ProcessExecutorTest" assertions="5" time="0.002304"/>
      </testsuite>
      <testsuite name="HousekeepingAgentCron\Tests\ProjectDiscoveryTaskTest" file="/home/runner/work/housekeeping/housekeeping/tests/ProjectDiscoveryTaskTest.php" tests="1" assertions="26" errors="0" failures="0" skipped="0" time="0.003517">
        <testcase name="testProjectDiscoveryStoresRepositoryMetadata" file="/home/runner/work/housekeeping/housekeeping/tests/ProjectDiscoveryTaskTest.php" line="17" class="HousekeepingAgentCron\Tests\ProjectDiscoveryTaskTest" classname="HousekeepingAgentCron.Tests.ProjectDiscoveryTaskTest" assertions="26" time="0.003517"/>
      </testsuite>
      <testsuite name="HousekeepingAgentCron\Tests\ProviderCapacityInspectorTest" file="/home/runner/work/housekeeping/housekeeping/tests/ProviderCapacityInspectorTest.php" tests="25" assertions="108" errors="0" failures="0" skipped="0" time="2.548579">
        <testcase name="testInspectorSortsProvidersDeterministically" file="/home/runner/work/housekeeping/housekeeping/tests/ProviderCapacityInspectorTest.php" line="69" class="HousekeepingAgentCron\Tests\ProviderCapacityInspectorTest" classname="HousekeepingAgentCron.Tests.ProviderCapacityInspectorTest" assertions="5" time="0.092913"/>
        <testcase name="testInspectorParsesPercentageTextProbeOutput" file="/home/runner/work/housekeeping/housekeeping/tests/ProviderCapacityInspectorTest.php" line="115" class="HousekeepingAgentCron\Tests\ProviderCapacityInspectorTest" classname="HousekeepingAgentCron.Tests.ProviderCapacityInspectorTest" assertions="5" time="0.046512"/>
        <testcase name="testDisabledProviderSkipsProbeExecution" file="/home/runner/work/housekeeping/housekeeping/tests/ProviderCapacityInspectorTest.php" line="138" class="HousekeepingAgentCron\Tests\ProviderCapacityInspectorTest" classname="HousekeepingAgentCron.Tests.ProviderCapacityInspectorTest" assertions="4" time="0.002310"/>
        <testcase name="testRelativeResetTimestampsUseSingleCapturedNowForStableOrdering" file="/home/runner/work/housekeeping/housekeeping/tests/ProviderCapacityInspectorTest.php" line="160" class="HousekeepingAgentCron\Tests\ProviderCapacityInspectorTest" classname="HousekeepingAgentCron.Tests.ProviderCapacityInspectorTest" assertions="2" time="2.092531"/>
        <testcase name="testLatestResetIsReportedAcrossMultipleMetrics" file="/home/runner/work/housekeeping/housekeeping/tests/ProviderCapacityInspectorTest.php" line="187" class="HousekeepingAgentCron\Tests\ProviderCapacityInspectorTest" classname="HousekeepingAgentCron.Tests.ProviderCapacityInspectorTest" assertions="4" time="0.048390"/>
        <testcase name="testNaiveDateStringsAreParsedAsUtc" file="/home/runner/work/housekeeping/housekeeping/tests/ProviderCapacityInspectorTest.php" line="209" class="HousekeepingAgentCron\Tests\ProviderCapacityInspectorTest" classname="HousekeepingAgentCron.Tests.ProviderCapacityInspectorTest" assertions="2" time="0.047504"/>
        <testcase name="testStatusPriorityValuesRemainStable" file="/home/runner/work/housekeeping/housekeeping/tests/ProviderCapacityInspectorTest.php" line="230" class="HousekeepingAgentCron\Tests\ProviderCapacityInspectorTest" classname="HousekeepingAgentCron.Tests.ProviderCapacityInspectorTest" assertions="8" time="0.002487"/>
        <testcase name="testPositiveIntSanitizesInputToNonNegativeIntegers" file="/home/runner/work/housekeeping/housekeeping/tests/ProviderCapacityInspectorTest.php" line="245" class="HousekeepingAgentCron\Tests\ProviderCapacityInspectorTest" classname="HousekeepingAgentCron.Tests.ProviderCapacityInspectorTest" assertions="7" time="0.002351"/>
        <testcase name="testInspectDistinguishesDisabledExternalExhaustedAndBudgetExhaustedProviders" file="/home/runner/work/housekeeping/housekeeping/tests/ProviderCapacityInspectorTest.php" line="258" class="HousekeepingAgentCron\Tests\ProviderCapacityInspectorTest" classname="HousekeepingAgentCron.Tests.ProviderCapacityInspectorTest" assertions="11" time="0.089684"/>
        <testcase name="testCooldownRemainingSecondsUsesExpectedStatePathAndBoundaries" file="/home/runner/work/housekeeping/housekeeping/tests/ProviderCapacityInspectorTest.php" line="306" class="HousekeepingAgentCron\Tests\ProviderCapacityInspectorTest" classname="HousekeepingAgentCron.Tests.ProviderCapacityInspectorTest" assertions="3" time="0.002449"/>
        <testcase name="testMetricsFromOutputFallsBackToStderrText" file="/home/runner/work/housekeeping/housekeeping/tests/ProviderCapacityInspectorTest.php" line="323" class="HousekeepingAgentCron\Tests\ProviderCapacityInspectorTest" classname="HousekeepingAgentCron.Tests.ProviderCapacityInspectorTest" assertions="5" time="0.002349"/>
        <testcase name="testMetricsFromOutputTrimsWhitespaceFromStdoutAndStderr" file="/home/runner/work/housekeeping/housekeeping/tests/ProviderCapacityInspectorTest.php" line="336" class="HousekeepingAgentCron\Tests\ProviderCapacityInspectorTest" classname="HousekeepingAgentCron.Tests.ProviderCapacityInspectorTest" assertions="6" time="0.002301"/>
        <testcase name="testMetricsFromJsonKeepsScanningNestedArraysAndUsesPathLabels" file="/home/runner/work/housekeeping/housekeeping/tests/ProviderCapacityInspectorTest.php" line="357" class="HousekeepingAgentCron\Tests\ProviderCapacityInspectorTest" classname="HousekeepingAgentCron.Tests.ProviderCapacityInspectorTest" assertions="6" time="0.002482"/>
        <testcase name="testAppendPathPreservesExistingSegments" file="/home/runner/work/housekeeping/housekeeping/tests/ProviderCapacityInspectorTest.php" line="383" class="HousekeepingAgentCron\Tests\ProviderCapacityInspectorTest" classname="HousekeepingAgentCron.Tests.ProviderCapacityInspectorTest" assertions="2" time="0.002079"/>
        <testcase name="testMetricsFromTextNormalizesUsedModeAndDeduplicatesMetrics" file="/home/runner/work/housekeeping/housekeeping/tests/ProviderCapacityInspectorTest.php" line="391" class="HousekeepingAgentCron\Tests\ProviderCapacityInspectorTest" classname="HousekeepingAgentCron.Tests.ProviderCapacityInspectorTest" assertions="5" time="0.002263"/>
        <testcase name="testUniqueMetricsKeepsDistinctLabelsWithSameRatioAndReset" file="/home/runner/work/housekeeping/housekeeping/tests/ProviderCapacityInspectorTest.php" line="404" class="HousekeepingAgentCron\Tests\ProviderCapacityInspectorTest" classname="HousekeepingAgentCron.Tests.ProviderCapacityInspectorTest" assertions="4" time="0.002137"/>
        <testcase name="testExtractRemainingRatioSupportsUsedPercentAndUsedTotalPairs" file="/home/runner/work/housekeeping/housekeeping/tests/ProviderCapacityInspectorTest.php" line="419" class="HousekeepingAgentCron\Tests\ProviderCapacityInspectorTest" classname="HousekeepingAgentCron.Tests.ProviderCapacityInspectorTest" assertions="4" time="0.002184"/>
        <testcase name="testMetricLabelTrimsValuesAndFallsBackToPathOrLimit" file="/home/runner/work/housekeeping/housekeeping/tests/ProviderCapacityInspectorTest.php" line="429" class="HousekeepingAgentCron\Tests\ProviderCapacityInspectorTest" classname="HousekeepingAgentCron.Tests.ProviderCapacityInspectorTest" assertions="3" time="0.002131"/>
        <testcase name="testCollectResetValuesDropsNullsAndReindexes" file="/home/runner/work/housekeeping/housekeeping/tests/ProviderCapacityInspectorTest.php" line="438" class="HousekeepingAgentCron\Tests\ProviderCapacityInspectorTest" classname="HousekeepingAgentCron.Tests.ProviderCapacityInspectorTest" assertions="1" time="0.002142"/>
        <testcase name="testTrimmedOrNullNormalizesWhitespaceOnlyInput" file="/home/runner/work/housekeeping/housekeeping/tests/ProviderCapacityInspectorTest.php" line="449" class="HousekeepingAgentCron\Tests\ProviderCapacityInspectorTest" classname="HousekeepingAgentCron.Tests.ProviderCapacityInspectorTest" assertions="2" time="0.002101"/>
        <testcase name="testParseResetValueHandlesWhitespaceRelativeStringsAndInvalidValues" file="/home/runner/work/housekeeping/housekeeping/tests/ProviderCapacityInspectorTest.php" line="457" class="HousekeepingAgentCron\Tests\ProviderCapacityInspectorTest" classname="HousekeepingAgentCron.Tests.ProviderCapacityInspectorTest" assertions="3" time="0.002248"/>
        <testcase name="testCompareUsesRatioResetBudgetAndNameOrdering" file="/home/runner/work/housekeeping/housekeeping/tests/ProviderCapacityInspectorTest.php" line="467" class="HousekeepingAgentCron\Tests\ProviderCapacityInspectorTest" classname="HousekeepingAgentCron.Tests.ProviderCapacityInspectorTest" assertions="4" time="0.002404"/>
        <testcase name="testProbeProviderUsesDefaultWorkingDirectory" file="/home/runner/work/housekeeping/housekeeping/tests/ProviderCapacityInspectorTest.php" line="477" class="HousekeepingAgentCron\Tests\ProviderCapacityInspectorTest" classname="HousekeepingAgentCron.Tests.ProviderCapacityInspectorTest" assertions="4" time="0.046027"/>
        <testcase name="testLatestResetStaysAtMaximumEvenWhenLaterMetricIsSmaller" file="/home/runner/work/housekeeping/housekeeping/tests/ProviderCapacityInspectorTest.php" line="496" class="HousekeepingAgentCron\Tests\ProviderCapacityInspectorTest" classname="HousekeepingAgentCron.Tests.ProviderCapacityInspectorTest" assertions="4" time="0.046334"/>
        <testcase name="testFailureMessagePrefersTimeoutExceptionOutputAndExitCode" file="/home/runner/work/housekeeping/housekeeping/tests/ProviderCapacityInspectorTest.php" line="518" class="HousekeepingAgentCron\Tests\ProviderCapacityInspectorTest" classname="HousekeepingAgentCron.Tests.ProviderCapacityInspectorTest" assertions="4" time="0.002266"/>
      </testsuite>
      <testsuite name="HousekeepingAgentCron\Tests\ProviderCapacityReportTest" file="/home/runner/work/housekeeping/housekeeping/tests/ProviderCapacityReportTest.php" tests="1" assertions="1" errors="0" failures="0" skipped="0" time="0.001606">
        <testcase name="testToArrayIncludesAllExpectedFields" file="/home/runner/work/housekeeping/housekeeping/tests/ProviderCapacityReportTest.php" line="12" class="HousekeepingAgentCron\Tests\ProviderCapacityReportTest" classname="HousekeepingAgentCron.Tests.ProviderCapacityReportTest" assertions="1" time="0.001606"/>
      </testsuite>
      <testsuite name="HousekeepingAgentCron\Tests\SlopScanTaskTest" file="/home/runner/work/housekeeping/housekeeping/tests/SlopScanTaskTest.php" tests="3" assertions="19" errors="0" failures="0" skipped="0" time="0.138095">
        <testcase name="testSlopFindingsAreForwardedToProvider" file="/home/runner/work/housekeeping/housekeeping/tests/SlopScanTaskTest.php" line="19" class="HousekeepingAgentCron\Tests\SlopScanTaskTest" classname="HousekeepingAgentCron.Tests.SlopScanTaskTest" assertions="11" time="0.045894"/>
        <testcase name="testSuccessfulScanWithoutFindingsIsSkipped" file="/home/runner/work/housekeeping/housekeeping/tests/SlopScanTaskTest.php" line="103" class="HousekeepingAgentCron\Tests\SlopScanTaskTest" classname="HousekeepingAgentCron.Tests.SlopScanTaskTest" assertions="4" time="0.044887"/>
        <testcase name="testPhpRuntimeMismatchIsSkippedWithActionableMessage" file="/home/runner/work/housekeeping/housekeeping/tests/SlopScanTaskTest.php" line="145" class="HousekeepingAgentCron\Tests\SlopScanTaskTest" classname="HousekeepingAgentCron.Tests.SlopScanTaskTest" assertions="4" time="0.047314"/>
      </testsuite>
      <testsuite name="HousekeepingAgentCron\Tests\TaskRunnerTest" file="/home/runner/work/housekeeping/housekeeping/tests/TaskRunnerTest.php" tests="13" assertions="200" errors="0" failures="0" skipped="0" time="0.062692">
        <testcase name="testDryRunDoesNotCallProviderOrPersistState" file="/home/runner/work/housekeeping/housekeeping/tests/TaskRunnerTest.php" line="22" class="HousekeepingAgentCron\Tests\TaskRunnerTest" classname="HousekeepingAgentCron.Tests.TaskRunnerTest" assertions="3" time="0.035482"/>
        <testcase name="testSuccessfulRunPersistsTaskAndProviderState" file="/home/runner/work/housekeeping/housekeeping/tests/TaskRunnerTest.php" line="35" class="HousekeepingAgentCron\Tests\TaskRunnerTest" classname="HousekeepingAgentCron.Tests.TaskRunnerTest" assertions="34" time="0.003385"/>
        <testcase name="testSuccessfulRunIncrementsExistingProviderUsageAndRecordsLastUse" file="/home/runner/work/housekeeping/housekeeping/tests/TaskRunnerTest.php" line="53" class="HousekeepingAgentCron\Tests\TaskRunnerTest" classname="HousekeepingAgentCron.Tests.TaskRunnerTest" assertions="19" time="0.002748"/>
        <testcase name="testFailedTaskRecordsErrorContext" file="/home/runner/work/housekeeping/housekeeping/tests/TaskRunnerTest.php" line="76" class="HousekeepingAgentCron\Tests\TaskRunnerTest" classname="HousekeepingAgentCron.Tests.TaskRunnerTest" assertions="21" time="0.002142"/>
        <testcase name="testRuntimeBudgetIsEnforced" file="/home/runner/work/housekeeping/housekeeping/tests/TaskRunnerTest.php" line="103" class="HousekeepingAgentCron\Tests\TaskRunnerTest" classname="HousekeepingAgentCron.Tests.TaskRunnerTest" assertions="1" time="0.001946"/>
        <testcase name="testRuntimeBudgetAtExactLimitIsLoggedAndStopsRun" file="/home/runner/work/housekeeping/housekeeping/tests/TaskRunnerTest.php" line="113" class="HousekeepingAgentCron\Tests\TaskRunnerTest" classname="HousekeepingAgentCron.Tests.TaskRunnerTest" assertions="10" time="0.002096"/>
        <testcase name="testTaskIsSkippedWhenNotDue" file="/home/runner/work/housekeeping/housekeeping/tests/TaskRunnerTest.php" line="131" class="HousekeepingAgentCron\Tests\TaskRunnerTest" classname="HousekeepingAgentCron.Tests.TaskRunnerTest" assertions="13" time="0.002109"/>
        <testcase name="testSkippedTaskDoesNotStopLaterDueTask" file="/home/runner/work/housekeeping/housekeeping/tests/TaskRunnerTest.php" line="152" class="HousekeepingAgentCron\Tests\TaskRunnerTest" classname="HousekeepingAgentCron.Tests.TaskRunnerTest" assertions="23" time="0.002303"/>
        <testcase name="testTaskFilterRunsOnlyMatchingTask" file="/home/runner/work/housekeeping/housekeeping/tests/TaskRunnerTest.php" line="191" class="HousekeepingAgentCron\Tests\TaskRunnerTest" classname="HousekeepingAgentCron.Tests.TaskRunnerTest" assertions="20" time="0.002108"/>
        <testcase name="testDefaultTaskLimitRunsOnlyOneTask" file="/home/runner/work/housekeeping/housekeeping/tests/TaskRunnerTest.php" line="208" class="HousekeepingAgentCron\Tests\TaskRunnerTest" classname="HousekeepingAgentCron.Tests.TaskRunnerTest" assertions="20" time="0.002124"/>
        <testcase name="testDryRunSuccessfulTaskDoesNotPersistTaskState" file="/home/runner/work/housekeeping/housekeeping/tests/TaskRunnerTest.php" line="225" class="HousekeepingAgentCron\Tests\TaskRunnerTest" classname="HousekeepingAgentCron.Tests.TaskRunnerTest" assertions="2" time="0.001909"/>
        <testcase name="testRunHistoryIsTrimmedToLastTwentyRuns" file="/home/runner/work/housekeeping/housekeeping/tests/TaskRunnerTest.php" line="236" class="HousekeepingAgentCron\Tests\TaskRunnerTest" classname="HousekeepingAgentCron.Tests.TaskRunnerTest" assertions="21" time="0.002102"/>
        <testcase name="testProviderQuotaIsCheckedBeforeExecution" file="/home/runner/work/housekeeping/housekeeping/tests/TaskRunnerTest.php" line="258" class="HousekeepingAgentCron\Tests\TaskRunnerTest" classname="HousekeepingAgentCron.Tests.TaskRunnerTest" assertions="13" time="0.002236"/>
      </testsuite>
    </testsuite>
  </testsuite>
</testsuites>
