<?xml version="1.0" encoding="UTF-8"?>
<testsuites>
  <testsuite name="/home/runner/work/housekeeping/housekeeping/phpunit.xml.dist" tests="63" assertions="486" errors="0" failures="0" skipped="0" time="3.311245">
    <testsuite name="housekeeping" tests="63" assertions="486" errors="0" failures="0" skipped="0" time="3.311245">
      <testsuite name="HousekeepingAgentCron\Tests\ApplicationFactoryTest" file="/home/runner/work/housekeeping/housekeeping/tests/ApplicationFactoryTest.php" tests="4" assertions="9" errors="0" failures="0" skipped="0" time="0.155329">
        <testcase name="testFactoryBuildsConfiguredTasks" file="/home/runner/work/housekeeping/housekeeping/tests/ApplicationFactoryTest.php" line="12" class="HousekeepingAgentCron\Tests\ApplicationFactoryTest" classname="HousekeepingAgentCron.Tests.ApplicationFactoryTest" assertions="1" time="0.122182"/>
        <testcase name="testFactoryAlwaysIncludesNullProvider" file="/home/runner/work/housekeeping/housekeeping/tests/ApplicationFactoryTest.php" line="25" class="HousekeepingAgentCron\Tests\ApplicationFactoryTest" classname="HousekeepingAgentCron.Tests.ApplicationFactoryTest" assertions="4" time="0.005349"/>
        <testcase name="testFactoryIncludesEveryExplicitlyEnabledExternalProvider" file="/home/runner/work/housekeeping/housekeeping/tests/ApplicationFactoryTest.php" line="38" class="HousekeepingAgentCron\Tests\ApplicationFactoryTest" classname="HousekeepingAgentCron.Tests.ApplicationFactoryTest" assertions="3" time="0.026490"/>
        <testcase name="testFactoryDoesNotEnableExternalProviderWithoutEnabledFlag" file="/home/runner/work/housekeeping/housekeeping/tests/ApplicationFactoryTest.php" line="64" class="HousekeepingAgentCron\Tests\ApplicationFactoryTest" classname="HousekeepingAgentCron.Tests.ApplicationFactoryTest" assertions="1" time="0.001307"/>
      </testsuite>
      <testsuite name="HousekeepingAgentCron\Tests\CliProviderTest" file="/home/runner/work/housekeeping/housekeeping/tests/CliProviderTest.php" tests="1" assertions="9" errors="0" failures="0" skipped="0" time="0.046917">
        <testcase name="testCliProvidersAlwaysAppendYoloAndFormattedPrompt" file="/home/runner/work/housekeeping/housekeeping/tests/CliProviderTest.php" line="14" class="HousekeepingAgentCron\Tests\CliProviderTest" classname="HousekeepingAgentCron.Tests.CliProviderTest" assertions="9" time="0.046917"/>
      </testsuite>
      <testsuite name="HousekeepingAgentCron\Tests\CommitLearningTaskTest" file="/home/runner/work/housekeeping/housekeeping/tests/CommitLearningTaskTest.php" tests="2" assertions="32" errors="0" failures="0" skipped="0" time="0.205761">
        <testcase name="testCommitLearningForwardsRecentGitHistoryAndStoresMetadata" file="/home/runner/work/housekeeping/housekeeping/tests/CommitLearningTaskTest.php" line="22" class="HousekeepingAgentCron\Tests\CommitLearningTaskTest" classname="HousekeepingAgentCron.Tests.CommitLearningTaskTest" assertions="29" time="0.162362"/>
        <testcase name="testCommitLearningSkipsWhenHeadWasAlreadyLearned" file="/home/runner/work/housekeeping/housekeeping/tests/CommitLearningTaskTest.php" line="98" class="HousekeepingAgentCron\Tests\CommitLearningTaskTest" classname="HousekeepingAgentCron.Tests.CommitLearningTaskTest" assertions="3" time="0.043399"/>
      </testsuite>
      <testsuite name="HousekeepingAgentCron\Tests\DocumentationRefreshTaskTest" file="/home/runner/work/housekeeping/housekeeping/tests/DocumentationRefreshTaskTest.php" tests="1" assertions="4" errors="0" failures="0" skipped="0" time="0.001947">
        <testcase name="testDocumentationInputsAreForwardedToProvider" file="/home/runner/work/housekeeping/housekeeping/tests/DocumentationRefreshTaskTest.php" line="18" class="HousekeepingAgentCron\Tests\DocumentationRefreshTaskTest" classname="HousekeepingAgentCron.Tests.DocumentationRefreshTaskTest" assertions="4" time="0.001947"/>
      </testsuite>
      <testsuite name="HousekeepingAgentCron\Tests\HousekeepingListCommandTest" file="/home/runner/work/housekeeping/housekeeping/tests/HousekeepingListCommandTest.php" tests="1" assertions="10" errors="0" failures="0" skipped="0" time="0.017248">
        <testcase name="testListDisplaysConfiguredTasks" file="/home/runner/work/housekeeping/housekeeping/tests/HousekeepingListCommandTest.php" line="14" class="HousekeepingAgentCron\Tests\HousekeepingListCommandTest" classname="HousekeepingAgentCron.Tests.HousekeepingListCommandTest" assertions="10" time="0.017248"/>
      </testsuite>
      <testsuite name="HousekeepingAgentCron\Tests\HousekeepingProvidersCommandTest" file="/home/runner/work/housekeeping/housekeeping/tests/HousekeepingProvidersCommandTest.php" tests="2" assertions="30" errors="0" failures="0" skipped="0" time="0.227092">
        <testcase name="testProvidersCommandPrintsRecommendedProviderAndJson" file="/home/runner/work/housekeeping/housekeeping/tests/HousekeepingProvidersCommandTest.php" line="52" class="HousekeepingAgentCron\Tests\HousekeepingProvidersCommandTest" classname="HousekeepingAgentCron.Tests.HousekeepingProvidersCommandTest" assertions="23" time="0.225515"/>
        <testcase name="testFormattingHelpersHandleNullAndNonNullValues" file="/home/runner/work/housekeeping/housekeeping/tests/HousekeepingProvidersCommandTest.php" line="133" class="HousekeepingAgentCron\Tests\HousekeepingProvidersCommandTest" classname="HousekeepingAgentCron.Tests.HousekeepingProvidersCommandTest" assertions="7" time="0.001577"/>
      </testsuite>
      <testsuite name="HousekeepingAgentCron\Tests\HousekeepingRunCommandTest" file="/home/runner/work/housekeeping/housekeeping/tests/HousekeepingRunCommandTest.php" tests="2" assertions="4" errors="0" failures="0" skipped="0" time="0.015800">
        <testcase name="testLockPreventsConcurrentRuns" file="/home/runner/work/housekeeping/housekeeping/tests/HousekeepingRunCommandTest.php" line="17" class="HousekeepingAgentCron\Tests\HousekeepingRunCommandTest" classname="HousekeepingAgentCron.Tests.HousekeepingRunCommandTest" assertions="2" time="0.013522"/>
        <testcase name="testUnknownTaskOptionReturnsInvalidConfig" file="/home/runner/work/housekeeping/housekeeping/tests/HousekeepingRunCommandTest.php" line="60" class="HousekeepingAgentCron\Tests\HousekeepingRunCommandTest" classname="HousekeepingAgentCron.Tests.HousekeepingRunCommandTest" assertions="2" time="0.002278"/>
      </testsuite>
      <testsuite name="HousekeepingAgentCron\Tests\HousekeepingStateCommandTest" file="/home/runner/work/housekeeping/housekeeping/tests/HousekeepingStateCommandTest.php" tests="1" assertions="4" errors="0" failures="0" skipped="0" time="0.005800">
        <testcase name="testStateCommandPrintsPersistedJson" file="/home/runner/work/housekeeping/housekeeping/tests/HousekeepingStateCommandTest.php" line="15" class="HousekeepingAgentCron\Tests\HousekeepingStateCommandTest" classname="HousekeepingAgentCron.Tests.HousekeepingStateCommandTest" assertions="4" time="0.005800"/>
      </testsuite>
      <testsuite name="HousekeepingAgentCron\Tests\JsonLoggerTest" file="/home/runner/work/housekeeping/housekeeping/tests/JsonLoggerTest.php" tests="1" assertions="3" errors="0" failures="0" skipped="0" time="0.003829">
        <testcase name="testConstructorThrowsWhenLogDirectoryCannotBeCreated" file="/home/runner/work/housekeeping/housekeeping/tests/JsonLoggerTest.php" line="14" class="HousekeepingAgentCron\Tests\JsonLoggerTest" classname="HousekeepingAgentCron.Tests.JsonLoggerTest" assertions="3" time="0.003829"/>
      </testsuite>
      <testsuite name="HousekeepingAgentCron\Tests\JsonStateStoreTest" file="/home/runner/work/housekeeping/housekeeping/tests/JsonStateStoreTest.php" tests="2" assertions="14" errors="0" failures="0" skipped="0" time="0.002992">
        <testcase name="testConstructorThrowsWhenStateDirectoryCannotBeCreated" file="/home/runner/work/housekeeping/housekeeping/tests/JsonStateStoreTest.php" line="14" class="HousekeepingAgentCron\Tests\JsonStateStoreTest" classname="HousekeepingAgentCron.Tests.JsonStateStoreTest" assertions="3" time="0.001539"/>
        <testcase name="testLoadReturnsCompleteStateDocument" file="/home/runner/work/housekeeping/housekeeping/tests/JsonStateStoreTest.php" line="32" class="HousekeepingAgentCron\Tests\JsonStateStoreTest" classname="HousekeepingAgentCron.Tests.JsonStateStoreTest" assertions="11" time="0.001453"/>
      </testsuite>
      <testsuite name="HousekeepingAgentCron\Tests\NullProviderTest" file="/home/runner/work/housekeeping/housekeeping/tests/NullProviderTest.php" tests="1" assertions="3" errors="0" failures="0" skipped="0" time="0.001226">
        <testcase name="testExecuteReturnsTaskNameAndPromptLengthInContext" file="/home/runner/work/housekeeping/housekeeping/tests/NullProviderTest.php" line="13" class="HousekeepingAgentCron\Tests\NullProviderTest" classname="HousekeepingAgentCron.Tests.NullProviderTest" assertions="3" time="0.001226"/>
      </testsuite>
      <testsuite name="HousekeepingAgentCron\Tests\PhpstanFixSuggestionTaskTest" file="/home/runner/work/housekeeping/housekeeping/tests/PhpstanFixSuggestionTaskTest.php" tests="1" assertions="8" errors="0" failures="0" skipped="0" time="0.039012">
        <testcase name="testConfiguredPhpstanCommandRunsWithoutVendorBinaryPrecheck" file="/home/runner/work/housekeeping/housekeeping/tests/PhpstanFixSuggestionTaskTest.php" line="19" class="HousekeepingAgentCron\Tests\PhpstanFixSuggestionTaskTest" classname="HousekeepingAgentCron.Tests.PhpstanFixSuggestionTaskTest" assertions="8" time="0.039012"/>
      </testsuite>
      <testsuite name="HousekeepingAgentCron\Tests\ProcessExecutorTest" file="/home/runner/work/housekeeping/housekeeping/tests/ProcessExecutorTest.php" tests="1" assertions="5" errors="0" failures="0" skipped="0" time="0.001757">
        <testcase name="testExecuteReturnsStructuredFailureWhenProcessCannotStart" file="/home/runner/work/housekeeping/housekeeping/tests/ProcessExecutorTest.php" line="12" class="HousekeepingAgentCron\Tests\ProcessExecutorTest" classname="HousekeepingAgentCron.Tests.ProcessExecutorTest" assertions="5" time="0.001757"/>
      </testsuite>
      <testsuite name="HousekeepingAgentCron\Tests\ProjectDiscoveryTaskTest" file="/home/runner/work/housekeeping/housekeeping/tests/ProjectDiscoveryTaskTest.php" tests="1" assertions="24" errors="0" failures="0" skipped="0" time="0.002481">
        <testcase name="testProjectDiscoveryStoresRepositoryMetadata" file="/home/runner/work/housekeeping/housekeeping/tests/ProjectDiscoveryTaskTest.php" line="17" class="HousekeepingAgentCron\Tests\ProjectDiscoveryTaskTest" classname="HousekeepingAgentCron.Tests.ProjectDiscoveryTaskTest" assertions="24" time="0.002481"/>
      </testsuite>
      <testsuite name="HousekeepingAgentCron\Tests\ProviderCapacityInspectorTest" file="/home/runner/work/housekeeping/housekeeping/tests/ProviderCapacityInspectorTest.php" tests="25" assertions="107" errors="0" failures="0" skipped="0" time="2.427736">
        <testcase name="testInspectorSortsProvidersDeterministically" file="/home/runner/work/housekeeping/housekeeping/tests/ProviderCapacityInspectorTest.php" line="69" class="HousekeepingAgentCron\Tests\ProviderCapacityInspectorTest" classname="HousekeepingAgentCron.Tests.ProviderCapacityInspectorTest" assertions="5" time="0.073768"/>
        <testcase name="testInspectorParsesPercentageTextProbeOutput" file="/home/runner/work/housekeeping/housekeeping/tests/ProviderCapacityInspectorTest.php" line="115" class="HousekeepingAgentCron\Tests\ProviderCapacityInspectorTest" classname="HousekeepingAgentCron.Tests.ProviderCapacityInspectorTest" assertions="5" time="0.038322"/>
        <testcase name="testDisabledProviderSkipsProbeExecution" file="/home/runner/work/housekeeping/housekeeping/tests/ProviderCapacityInspectorTest.php" line="138" class="HousekeepingAgentCron\Tests\ProviderCapacityInspectorTest" classname="HousekeepingAgentCron.Tests.ProviderCapacityInspectorTest" assertions="4" time="0.001742"/>
        <testcase name="testRelativeResetTimestampsUseSingleCapturedNowForStableOrdering" file="/home/runner/work/housekeeping/housekeeping/tests/ProviderCapacityInspectorTest.php" line="160" class="HousekeepingAgentCron\Tests\ProviderCapacityInspectorTest" classname="HousekeepingAgentCron.Tests.ProviderCapacityInspectorTest" assertions="2" time="2.074084"/>
        <testcase name="testLatestResetIsReportedAcrossMultipleMetrics" file="/home/runner/work/housekeeping/housekeeping/tests/ProviderCapacityInspectorTest.php" line="187" class="HousekeepingAgentCron\Tests\ProviderCapacityInspectorTest" classname="HousekeepingAgentCron.Tests.ProviderCapacityInspectorTest" assertions="4" time="0.036701"/>
        <testcase name="testNaiveDateStringsAreParsedAsUtc" file="/home/runner/work/housekeeping/housekeeping/tests/ProviderCapacityInspectorTest.php" line="209" class="HousekeepingAgentCron\Tests\ProviderCapacityInspectorTest" classname="HousekeepingAgentCron.Tests.ProviderCapacityInspectorTest" assertions="2" time="0.036837"/>
        <testcase name="testStatusPriorityValuesRemainStable" file="/home/runner/work/housekeeping/housekeeping/tests/ProviderCapacityInspectorTest.php" line="230" class="HousekeepingAgentCron\Tests\ProviderCapacityInspectorTest" classname="HousekeepingAgentCron.Tests.ProviderCapacityInspectorTest" assertions="8" time="0.001582"/>
        <testcase name="testPositiveIntSanitizesInputToNonNegativeIntegers" file="/home/runner/work/housekeeping/housekeeping/tests/ProviderCapacityInspectorTest.php" line="245" class="HousekeepingAgentCron\Tests\ProviderCapacityInspectorTest" classname="HousekeepingAgentCron.Tests.ProviderCapacityInspectorTest" assertions="7" time="0.001524"/>
        <testcase name="testInspectDistinguishesDisabledExternalExhaustedAndBudgetExhaustedProviders" file="/home/runner/work/housekeeping/housekeeping/tests/ProviderCapacityInspectorTest.php" line="258" class="HousekeepingAgentCron\Tests\ProviderCapacityInspectorTest" classname="HousekeepingAgentCron.Tests.ProviderCapacityInspectorTest" assertions="11" time="0.069809"/>
        <testcase name="testCooldownRemainingSecondsUsesExpectedStatePathAndBoundaries" file="/home/runner/work/housekeeping/housekeeping/tests/ProviderCapacityInspectorTest.php" line="306" class="HousekeepingAgentCron\Tests\ProviderCapacityInspectorTest" classname="HousekeepingAgentCron.Tests.ProviderCapacityInspectorTest" assertions="3" time="0.001628"/>
        <testcase name="testMetricsFromOutputFallsBackToStderrText" file="/home/runner/work/housekeeping/housekeeping/tests/ProviderCapacityInspectorTest.php" line="323" class="HousekeepingAgentCron\Tests\ProviderCapacityInspectorTest" classname="HousekeepingAgentCron.Tests.ProviderCapacityInspectorTest" assertions="5" time="0.001649"/>
        <testcase name="testMetricsFromOutputUsesTrimmedWhitespaceAwareStreams" file="/home/runner/work/housekeeping/housekeeping/tests/ProviderCapacityInspectorTest.php" line="336" class="HousekeepingAgentCron\Tests\ProviderCapacityInspectorTest" classname="HousekeepingAgentCron.Tests.ProviderCapacityInspectorTest" assertions="5" time="0.001616"/>
        <testcase name="testMetricsFromJsonKeepsScanningNestedArraysAndUsesPathLabels" file="/home/runner/work/housekeeping/housekeeping/tests/ProviderCapacityInspectorTest.php" line="356" class="HousekeepingAgentCron\Tests\ProviderCapacityInspectorTest" classname="HousekeepingAgentCron.Tests.ProviderCapacityInspectorTest" assertions="6" time="0.001746"/>
        <testcase name="testAppendPathPreservesExistingSegments" file="/home/runner/work/housekeeping/housekeeping/tests/ProviderCapacityInspectorTest.php" line="382" class="HousekeepingAgentCron\Tests\ProviderCapacityInspectorTest" classname="HousekeepingAgentCron.Tests.ProviderCapacityInspectorTest" assertions="2" time="0.001495"/>
        <testcase name="testMetricsFromTextNormalizesUsedModeAndDeduplicatesMetrics" file="/home/runner/work/housekeeping/housekeeping/tests/ProviderCapacityInspectorTest.php" line="390" class="HousekeepingAgentCron\Tests\ProviderCapacityInspectorTest" classname="HousekeepingAgentCron.Tests.ProviderCapacityInspectorTest" assertions="5" time="0.001633"/>
        <testcase name="testUniqueMetricsKeepsDistinctLabelsWithSameRatioAndReset" file="/home/runner/work/housekeeping/housekeeping/tests/ProviderCapacityInspectorTest.php" line="403" class="HousekeepingAgentCron\Tests\ProviderCapacityInspectorTest" classname="HousekeepingAgentCron.Tests.ProviderCapacityInspectorTest" assertions="4" time="0.001556"/>
        <testcase name="testExtractRemainingRatioSupportsUsedPercentAndUsedTotalPairs" file="/home/runner/work/housekeeping/housekeeping/tests/ProviderCapacityInspectorTest.php" line="418" class="HousekeepingAgentCron\Tests\ProviderCapacityInspectorTest" classname="HousekeepingAgentCron.Tests.ProviderCapacityInspectorTest" assertions="4" time="0.001607"/>
        <testcase name="testMetricLabelTrimsValuesAndFallsBackToPathOrLimit" file="/home/runner/work/housekeeping/housekeeping/tests/ProviderCapacityInspectorTest.php" line="428" class="HousekeepingAgentCron\Tests\ProviderCapacityInspectorTest" classname="HousekeepingAgentCron.Tests.ProviderCapacityInspectorTest" assertions="3" time="0.001509"/>
        <testcase name="testCollectResetValuesDropsNullsAndReindexes" file="/home/runner/work/housekeeping/housekeeping/tests/ProviderCapacityInspectorTest.php" line="437" class="HousekeepingAgentCron\Tests\ProviderCapacityInspectorTest" classname="HousekeepingAgentCron.Tests.ProviderCapacityInspectorTest" assertions="1" time="0.001472"/>
        <testcase name="testTrimmedOrNullNormalizesWhitespaceOnlyInput" file="/home/runner/work/housekeeping/housekeeping/tests/ProviderCapacityInspectorTest.php" line="448" class="HousekeepingAgentCron\Tests\ProviderCapacityInspectorTest" classname="HousekeepingAgentCron.Tests.ProviderCapacityInspectorTest" assertions="2" time="0.001477"/>
        <testcase name="testParseResetValueHandlesWhitespaceRelativeStringsAndInvalidValues" file="/home/runner/work/housekeeping/housekeeping/tests/ProviderCapacityInspectorTest.php" line="456" class="HousekeepingAgentCron\Tests\ProviderCapacityInspectorTest" classname="HousekeepingAgentCron.Tests.ProviderCapacityInspectorTest" assertions="3" time="0.001596"/>
        <testcase name="testCompareUsesRatioResetBudgetAndNameOrdering" file="/home/runner/work/housekeeping/housekeeping/tests/ProviderCapacityInspectorTest.php" line="466" class="HousekeepingAgentCron\Tests\ProviderCapacityInspectorTest" classname="HousekeepingAgentCron.Tests.ProviderCapacityInspectorTest" assertions="4" time="0.001739"/>
        <testcase name="testProbeProviderUsesDefaultWorkingDirectory" file="/home/runner/work/housekeeping/housekeeping/tests/ProviderCapacityInspectorTest.php" line="476" class="HousekeepingAgentCron\Tests\ProviderCapacityInspectorTest" classname="HousekeepingAgentCron.Tests.ProviderCapacityInspectorTest" assertions="4" time="0.035617"/>
        <testcase name="testLatestResetStaysAtMaximumEvenWhenLaterMetricIsSmaller" file="/home/runner/work/housekeeping/housekeeping/tests/ProviderCapacityInspectorTest.php" line="495" class="HousekeepingAgentCron\Tests\ProviderCapacityInspectorTest" classname="HousekeepingAgentCron.Tests.ProviderCapacityInspectorTest" assertions="4" time="0.035387"/>
        <testcase name="testFailureMessagePrefersTimeoutExceptionOutputAndExitCode" file="/home/runner/work/housekeeping/housekeeping/tests/ProviderCapacityInspectorTest.php" line="517" class="HousekeepingAgentCron\Tests\ProviderCapacityInspectorTest" classname="HousekeepingAgentCron.Tests.ProviderCapacityInspectorTest" assertions="4" time="0.001639"/>
      </testsuite>
      <testsuite name="HousekeepingAgentCron\Tests\ProviderCapacityReportTest" file="/home/runner/work/housekeeping/housekeeping/tests/ProviderCapacityReportTest.php" tests="1" assertions="1" errors="0" failures="0" skipped="0" time="0.001199">
        <testcase name="testToArrayIncludesAllExpectedFields" file="/home/runner/work/housekeeping/housekeeping/tests/ProviderCapacityReportTest.php" line="12" class="HousekeepingAgentCron\Tests\ProviderCapacityReportTest" classname="HousekeepingAgentCron.Tests.ProviderCapacityReportTest" assertions="1" time="0.001199"/>
      </testsuite>
      <testsuite name="HousekeepingAgentCron\Tests\SlopScanTaskTest" file="/home/runner/work/housekeeping/housekeeping/tests/SlopScanTaskTest.php" tests="3" assertions="19" errors="0" failures="0" skipped="0" time="0.108438">
        <testcase name="testSlopFindingsAreForwardedToProvider" file="/home/runner/work/housekeeping/housekeeping/tests/SlopScanTaskTest.php" line="19" class="HousekeepingAgentCron\Tests\SlopScanTaskTest" classname="HousekeepingAgentCron.Tests.SlopScanTaskTest" assertions="11" time="0.035910"/>
        <testcase name="testSuccessfulScanWithoutFindingsIsSkipped" file="/home/runner/work/housekeeping/housekeeping/tests/SlopScanTaskTest.php" line="103" class="HousekeepingAgentCron\Tests\SlopScanTaskTest" classname="HousekeepingAgentCron.Tests.SlopScanTaskTest" assertions="4" time="0.035990"/>
        <testcase name="testPhpRuntimeMismatchIsSkippedWithActionableMessage" file="/home/runner/work/housekeeping/housekeeping/tests/SlopScanTaskTest.php" line="145" class="HousekeepingAgentCron\Tests\SlopScanTaskTest" classname="HousekeepingAgentCron.Tests.SlopScanTaskTest" assertions="4" time="0.036538"/>
      </testsuite>
      <testsuite name="HousekeepingAgentCron\Tests\TaskRunnerTest" file="/home/runner/work/housekeeping/housekeeping/tests/TaskRunnerTest.php" tests="13" assertions="200" errors="0" failures="0" skipped="0" time="0.046683">
        <testcase name="testDryRunDoesNotCallProviderOrPersistState" file="/home/runner/work/housekeeping/housekeeping/tests/TaskRunnerTest.php" line="22" class="HousekeepingAgentCron\Tests\TaskRunnerTest" classname="HousekeepingAgentCron.Tests.TaskRunnerTest" assertions="3" time="0.025835"/>
        <testcase name="testSuccessfulRunPersistsTaskAndProviderState" file="/home/runner/work/housekeeping/housekeeping/tests/TaskRunnerTest.php" line="35" class="HousekeepingAgentCron\Tests\TaskRunnerTest" classname="HousekeepingAgentCron.Tests.TaskRunnerTest" assertions="34" time="0.002351"/>
        <testcase name="testSuccessfulRunIncrementsExistingProviderUsageAndRecordsLastUse" file="/home/runner/work/housekeeping/housekeeping/tests/TaskRunnerTest.php" line="53" class="HousekeepingAgentCron\Tests\TaskRunnerTest" classname="HousekeepingAgentCron.Tests.TaskRunnerTest" assertions="19" time="0.002075"/>
        <testcase name="testFailedTaskRecordsErrorContext" file="/home/runner/work/housekeeping/housekeeping/tests/TaskRunnerTest.php" line="76" class="HousekeepingAgentCron\Tests\TaskRunnerTest" classname="HousekeepingAgentCron.Tests.TaskRunnerTest" assertions="21" time="0.001674"/>
        <testcase name="testRuntimeBudgetIsEnforced" file="/home/runner/work/housekeeping/housekeeping/tests/TaskRunnerTest.php" line="103" class="HousekeepingAgentCron\Tests\TaskRunnerTest" classname="HousekeepingAgentCron.Tests.TaskRunnerTest" assertions="1" time="0.001502"/>
        <testcase name="testRuntimeBudgetAtExactLimitIsLoggedAndStopsRun" file="/home/runner/work/housekeeping/housekeeping/tests/TaskRunnerTest.php" line="113" class="HousekeepingAgentCron\Tests\TaskRunnerTest" classname="HousekeepingAgentCron.Tests.TaskRunnerTest" assertions="10" time="0.001633"/>
        <testcase name="testTaskIsSkippedWhenNotDue" file="/home/runner/work/housekeeping/housekeeping/tests/TaskRunnerTest.php" line="131" class="HousekeepingAgentCron\Tests\TaskRunnerTest" classname="HousekeepingAgentCron.Tests.TaskRunnerTest" assertions="13" time="0.001641"/>
        <testcase name="testSkippedTaskDoesNotStopLaterDueTask" file="/home/runner/work/housekeeping/housekeeping/tests/TaskRunnerTest.php" line="152" class="HousekeepingAgentCron\Tests\TaskRunnerTest" classname="HousekeepingAgentCron.Tests.TaskRunnerTest" assertions="23" time="0.001763"/>
        <testcase name="testTaskFilterRunsOnlyMatchingTask" file="/home/runner/work/housekeeping/housekeeping/tests/TaskRunnerTest.php" line="191" class="HousekeepingAgentCron\Tests\TaskRunnerTest" classname="HousekeepingAgentCron.Tests.TaskRunnerTest" assertions="20" time="0.001668"/>
        <testcase name="testDefaultTaskLimitRunsOnlyOneTask" file="/home/runner/work/housekeeping/housekeeping/tests/TaskRunnerTest.php" line="208" class="HousekeepingAgentCron\Tests\TaskRunnerTest" classname="HousekeepingAgentCron.Tests.TaskRunnerTest" assertions="20" time="0.001641"/>
        <testcase name="testDryRunSuccessfulTaskDoesNotPersistTaskState" file="/home/runner/work/housekeeping/housekeeping/tests/TaskRunnerTest.php" line="225" class="HousekeepingAgentCron\Tests\TaskRunnerTest" classname="HousekeepingAgentCron.Tests.TaskRunnerTest" assertions="2" time="0.001499"/>
        <testcase name="testRunHistoryIsTrimmedToLastTwentyRuns" file="/home/runner/work/housekeeping/housekeeping/tests/TaskRunnerTest.php" line="236" class="HousekeepingAgentCron\Tests\TaskRunnerTest" classname="HousekeepingAgentCron.Tests.TaskRunnerTest" assertions="21" time="0.001655"/>
        <testcase name="testProviderQuotaIsCheckedBeforeExecution" file="/home/runner/work/housekeeping/housekeeping/tests/TaskRunnerTest.php" line="258" class="HousekeepingAgentCron\Tests\TaskRunnerTest" classname="HousekeepingAgentCron.Tests.TaskRunnerTest" assertions="13" time="0.001746"/>
      </testsuite>
    </testsuite>
  </testsuite>
</testsuites>
